2015-01-16 10:58:10 INFO  Main:22 - Application started
2015-01-16 10:58:11 INFO  ClassPathXmlApplicationContext:456 - Refreshing org.springframework.context.support.ClassPathXmlApplicationContext@58015e56: startup date [Fri Jan 16 10:58:11 IST 2015]; root of context hierarchy
2015-01-16 10:58:11 INFO  XmlBeanDefinitionReader:315 - Loading XML bean definitions from class path resource [Beans.xml]
2015-01-16 10:58:11 DEBUG DefaultDocumentLoader:72 - Using JAXP provider [com.sun.org.apache.xerces.internal.jaxp.DocumentBuilderFactoryImpl]
2015-01-16 10:58:11 DEBUG PluggableSchemaResolver:140 - Loading schema mappings from [META-INF/spring.schemas]
2015-01-16 10:58:11 DEBUG PluggableSchemaResolver:146 - Loaded schema mappings: {http://www.springframework.org/schema/lang/spring-lang-2.5.xsd=org/springframework/scripting/config/spring-lang-2.5.xsd, http://www.springframework.org/schema/lang/spring-lang.xsd=org/springframework/scripting/config/spring-lang-3.0.xsd, http://www.springframework.org/schema/context/spring-context-2.5.xsd=org/springframework/context/config/spring-context-2.5.xsd, http://www.springframework.org/schema/util/spring-util-3.0.xsd=org/springframework/beans/factory/xml/spring-util-3.0.xsd, http://www.springframework.org/schema/context/spring-context.xsd=org/springframework/context/config/spring-context-3.0.xsd, http://www.springframework.org/schema/aop/spring-aop.xsd=org/springframework/aop/config/spring-aop-3.0.xsd, http://www.springframework.org/schema/util/spring-util-2.0.xsd=org/springframework/beans/factory/xml/spring-util-2.0.xsd, http://www.springframework.org/schema/task/spring-task-3.0.xsd=org/springframework/scheduling/config/spring-task-3.0.xsd, http://www.springframework.org/schema/util/spring-util-2.5.xsd=org/springframework/beans/factory/xml/spring-util-2.5.xsd, http://www.springframework.org/schema/tool/spring-tool-3.0.xsd=org/springframework/beans/factory/xml/spring-tool-3.0.xsd, http://www.springframework.org/schema/tool/spring-tool-2.0.xsd=org/springframework/beans/factory/xml/spring-tool-2.0.xsd, http://www.springframework.org/schema/context/spring-context-3.0.xsd=org/springframework/context/config/spring-context-3.0.xsd, http://www.springframework.org/schema/task/spring-task.xsd=org/springframework/scheduling/config/spring-task-3.0.xsd, http://www.springframework.org/schema/tool/spring-tool-2.5.xsd=org/springframework/beans/factory/xml/spring-tool-2.5.xsd, http://www.springframework.org/schema/beans/spring-beans-2.0.xsd=org/springframework/beans/factory/xml/spring-beans-2.0.xsd, http://www.springframework.org/schema/beans/spring-beans.xsd=org/springframework/beans/factory/xml/spring-beans-3.0.xsd, http://www.springframework.org/schema/beans/spring-beans-2.5.xsd=org/springframework/beans/factory/xml/spring-beans-2.5.xsd, http://www.springframework.org/schema/jee/spring-jee.xsd=org/springframework/ejb/config/spring-jee-3.0.xsd, http://www.springframework.org/schema/tool/spring-tool.xsd=org/springframework/beans/factory/xml/spring-tool-3.0.xsd, http://www.springframework.org/schema/aop/spring-aop-3.0.xsd=org/springframework/aop/config/spring-aop-3.0.xsd, http://www.springframework.org/schema/jee/spring-jee-3.0.xsd=org/springframework/ejb/config/spring-jee-3.0.xsd, http://www.springframework.org/schema/jee/spring-jee-2.0.xsd=org/springframework/ejb/config/spring-jee-2.0.xsd, http://www.springframework.org/schema/aop/spring-aop-2.0.xsd=org/springframework/aop/config/spring-aop-2.0.xsd, http://www.springframework.org/schema/aop/spring-aop-2.5.xsd=org/springframework/aop/config/spring-aop-2.5.xsd, http://www.springframework.org/schema/jee/spring-jee-2.5.xsd=org/springframework/ejb/config/spring-jee-2.5.xsd, http://www.springframework.org/schema/beans/spring-beans-3.0.xsd=org/springframework/beans/factory/xml/spring-beans-3.0.xsd, http://www.springframework.org/schema/lang/spring-lang-3.0.xsd=org/springframework/scripting/config/spring-lang-3.0.xsd, http://www.springframework.org/schema/lang/spring-lang-2.0.xsd=org/springframework/scripting/config/spring-lang-2.0.xsd, http://www.springframework.org/schema/util/spring-util.xsd=org/springframework/beans/factory/xml/spring-util-3.0.xsd}
2015-01-16 10:58:11 DEBUG PluggableSchemaResolver:118 - Found XML schema [http://www.springframework.org/schema/beans/spring-beans-3.0.xsd] in classpath: org/springframework/beans/factory/xml/spring-beans-3.0.xsd
2015-01-16 10:58:11 DEBUG DefaultBeanDefinitionDocumentReader:87 - Loading bean definitions
2015-01-16 10:58:11 DEBUG XmlBeanDefinitionReader:185 - Loaded 2 bean definitions from location pattern [Beans.xml]
2015-01-16 10:58:11 DEBUG ClassPathXmlApplicationContext:470 - Bean factory for org.springframework.context.support.ClassPathXmlApplicationContext@58015e56: org.springframework.beans.factory.support.DefaultListableBeanFactory@326e0b8e: defining beans [ImageResizePlugin,ImageGrayScalePlugin]; root of factory hierarchy
2015-01-16 10:58:11 DEBUG ClassPathXmlApplicationContext:776 - Unable to locate MessageSource with name 'messageSource': using default [org.springframework.context.support.DelegatingMessageSource@463561c5]
2015-01-16 10:58:11 DEBUG ClassPathXmlApplicationContext:800 - Unable to locate ApplicationEventMulticaster with name 'applicationEventMulticaster': using default [org.springframework.context.event.SimpleApplicationEventMulticaster@47e51549]
2015-01-16 10:58:11 INFO  DefaultListableBeanFactory:555 - Pre-instantiating singletons in org.springframework.beans.factory.support.DefaultListableBeanFactory@326e0b8e: defining beans [ImageResizePlugin,ImageGrayScalePlugin]; root of factory hierarchy
2015-01-16 10:58:11 DEBUG DefaultListableBeanFactory:214 - Creating shared instance of singleton bean 'ImageResizePlugin'
2015-01-16 10:58:11 DEBUG DefaultListableBeanFactory:430 - Creating instance of bean 'ImageResizePlugin'
2015-01-16 10:58:11 DEBUG DefaultListableBeanFactory:504 - Eagerly caching bean 'ImageResizePlugin' to allow for resolving potential circular references
2015-01-16 10:58:11 DEBUG DefaultListableBeanFactory:458 - Finished creating instance of bean 'ImageResizePlugin'
2015-01-16 10:58:11 DEBUG DefaultListableBeanFactory:214 - Creating shared instance of singleton bean 'ImageGrayScalePlugin'
2015-01-16 10:58:11 DEBUG DefaultListableBeanFactory:430 - Creating instance of bean 'ImageGrayScalePlugin'
2015-01-16 10:58:11 DEBUG DefaultListableBeanFactory:504 - Eagerly caching bean 'ImageGrayScalePlugin' to allow for resolving potential circular references
2015-01-16 10:58:11 DEBUG DefaultListableBeanFactory:458 - Finished creating instance of bean 'ImageGrayScalePlugin'
2015-01-16 10:58:11 DEBUG ClassPathXmlApplicationContext:827 - Unable to locate LifecycleProcessor with name 'lifecycleProcessor': using default [org.springframework.context.support.DefaultLifecycleProcessor@756aadfc]
2015-01-16 10:58:11 DEBUG DefaultListableBeanFactory:242 - Returning cached instance of singleton bean 'lifecycleProcessor'
2015-01-16 10:58:11 DEBUG DefaultListableBeanFactory:242 - Returning cached instance of singleton bean 'ImageResizePlugin'
2015-01-16 10:58:11 DEBUG DefaultListableBeanFactory:242 - Returning cached instance of singleton bean 'ImageGrayScalePlugin'
